<?xml version="1.0" encoding="UTF-8"?>
<testsuite name="tests.TextBoxTests" tests="4" skipped="0" failures="0" errors="0" timestamp="2021-03-16T08:00:28" hostname="ADR" time="7.771">
  <properties/>
  <testcase name="successfulFillTestWithNotBestLocators()" classname="tests.TextBoxTests" time="5.128"/>
  <testcase name="successfulFillTestWithSearchInOutput()" classname="tests.TextBoxTests" time="0.94"/>
  <testcase name="successfulFillTest()" classname="tests.TextBoxTests" time="0.814"/>
  <testcase name="successfulFillTestWithVariables()" classname="tests.TextBoxTests" time="0.886"/>
  <system-out><![CDATA[debug
]]></system-out>
  <system-err><![CDATA[SLF4J: Failed to load class "org.slf4j.impl.StaticLoggerBinder".
SLF4J: Defaulting to no-operation (NOP) logger implementation
SLF4J: See http://www.slf4j.org/codes.html#StaticLoggerBinder for further details.
Starting ChromeDriver 89.0.4389.23 (61b08ee2c50024bab004e48d2b1b083cdbdac579-refs/branch-heads/4389@{#294}) on port 11709
Only local connections are allowed.
Please see https://chromedriver.chromium.org/security-considerations for suggestions on keeping ChromeDriver safe.
ChromeDriver was started successfully.
мар. 16, 2021 11:00:31 AM org.openqa.selenium.remote.ProtocolHandshake createSession
INFO: Detected dialect: W3C
]]></system-err>
</testsuite>
